[2025-01-10 13:01:49.736] [30962] [HailoRT] [error] [device.cpp:117] [create] Invalid device id device_id
[2025-01-10 13:05:11.387] [31016] [HailoRT] [info] [device.cpp:51] [Device] OS Version: Linux 6.6.62+rpt-rpi-2712 #1 SMP PREEMPT Debian 1:6.6.62-1+rpt1 (2024-11-25) aarch64
[2025-01-10 13:05:11.399] [31016] [HailoRT] [info] [control.cpp:109] [control__parse_identify_results] firmware_version is: 4.19.0
[2025-01-10 18:01:48.583] [8889] [HailoRT] [error] [device.cpp:117] [create] Invalid device id run
[2025-01-10 18:01:48.601] [8889] [HailoRT] [info] [device.cpp:51] [Device] OS Version: Linux 6.6.62+rpt-rpi-2712 #1 SMP PREEMPT Debian 1:6.6.62-1+rpt1 (2024-11-25) aarch64
[2025-01-10 18:01:48.608] [8889] [HailoRT] [info] [control.cpp:109] [control__parse_identify_results] firmware_version is: 4.19.0
[2025-01-10 18:01:48.608] [8889] [HailoRT] [info] [vdevice.cpp:655] [create] VDevice Infos: 0000:01:00.0
[2025-01-10 18:01:48.611] [8889] [HailoRT] [error] [file_utils.cpp:40] [read_binary_file] CHECK failed - Error opening file run
[2025-01-10 18:01:48.612] [8889] [HailoRT] [error] [hef.cpp:484] [parse_hef_file] CHECK_SUCCESS failed with status=HAILO_OPEN_FILE_FAILURE(13)
[2025-01-10 18:01:48.613] [8889] [HailoRT] [error] [hef.cpp:921] [Impl] Failed parsing HEF file
[2025-01-10 18:01:48.613] [8889] [HailoRT] [error] [hef.cpp:307] [create] Failed creating HEF
[2025-01-10 18:01:48.613] [8889] [HailoRT] [error] [hef.cpp:163] [create] CHECK_SUCCESS failed with status=HAILO_OPEN_FILE_FAILURE(13)
[2025-01-10 18:03:15.331] [9342] [HailoRT] [error] [device.cpp:117] [create] Invalid device id run
[2025-01-10 18:03:15.344] [9342] [HailoRT] [info] [device.cpp:51] [Device] OS Version: Linux 6.6.62+rpt-rpi-2712 #1 SMP PREEMPT Debian 1:6.6.62-1+rpt1 (2024-11-25) aarch64
[2025-01-10 18:03:15.348] [9342] [HailoRT] [info] [control.cpp:109] [control__parse_identify_results] firmware_version is: 4.19.0
[2025-01-10 18:03:15.348] [9342] [HailoRT] [info] [vdevice.cpp:655] [create] VDevice Infos: 0000:01:00.0
[2025-01-10 18:03:15.349] [9342] [HailoRT] [error] [file_utils.cpp:40] [read_binary_file] CHECK failed - Error opening file run
[2025-01-10 18:03:15.349] [9342] [HailoRT] [error] [hef.cpp:484] [parse_hef_file] CHECK_SUCCESS failed with status=HAILO_OPEN_FILE_FAILURE(13)
[2025-01-10 18:03:15.349] [9342] [HailoRT] [error] [hef.cpp:921] [Impl] Failed parsing HEF file
[2025-01-10 18:03:15.349] [9342] [HailoRT] [error] [hef.cpp:307] [create] Failed creating HEF
[2025-01-10 18:03:15.349] [9342] [HailoRT] [error] [hef.cpp:163] [create] CHECK_SUCCESS failed with status=HAILO_OPEN_FILE_FAILURE(13)
[2025-01-10 18:05:03.891] [9429] [HailoRT] [error] [device.cpp:117] [create] Invalid device id run
[2025-01-10 18:05:03.908] [9429] [HailoRT] [info] [device.cpp:51] [Device] OS Version: Linux 6.6.62+rpt-rpi-2712 #1 SMP PREEMPT Debian 1:6.6.62-1+rpt1 (2024-11-25) aarch64
[2025-01-10 18:05:03.914] [9429] [HailoRT] [info] [control.cpp:109] [control__parse_identify_results] firmware_version is: 4.19.0
[2025-01-10 18:05:03.914] [9429] [HailoRT] [info] [vdevice.cpp:655] [create] VDevice Infos: 0000:01:00.0
[2025-01-10 18:05:03.915] [9429] [HailoRT] [error] [file_utils.cpp:40] [read_binary_file] CHECK failed - Error opening file run
[2025-01-10 18:05:03.916] [9429] [HailoRT] [error] [hef.cpp:484] [parse_hef_file] CHECK_SUCCESS failed with status=HAILO_OPEN_FILE_FAILURE(13)
[2025-01-10 18:05:03.916] [9429] [HailoRT] [error] [hef.cpp:921] [Impl] Failed parsing HEF file
[2025-01-10 18:05:03.916] [9429] [HailoRT] [error] [hef.cpp:307] [create] Failed creating HEF
[2025-01-10 18:05:03.917] [9429] [HailoRT] [error] [hef.cpp:163] [create] CHECK_SUCCESS failed with status=HAILO_OPEN_FILE_FAILURE(13)
[2025-01-10 18:05:06.091] [9451] [HailoRT] [error] [device.cpp:117] [create] Invalid device id run
[2025-01-10 18:05:06.104] [9451] [HailoRT] [info] [device.cpp:51] [Device] OS Version: Linux 6.6.62+rpt-rpi-2712 #1 SMP PREEMPT Debian 1:6.6.62-1+rpt1 (2024-11-25) aarch64
[2025-01-10 18:05:06.107] [9451] [HailoRT] [info] [control.cpp:109] [control__parse_identify_results] firmware_version is: 4.19.0
[2025-01-10 18:05:06.107] [9451] [HailoRT] [info] [vdevice.cpp:655] [create] VDevice Infos: 0000:01:00.0
[2025-01-10 18:05:06.108] [9451] [HailoRT] [error] [file_utils.cpp:40] [read_binary_file] CHECK failed - Error opening file run
[2025-01-10 18:05:06.109] [9451] [HailoRT] [error] [hef.cpp:484] [parse_hef_file] CHECK_SUCCESS failed with status=HAILO_OPEN_FILE_FAILURE(13)
[2025-01-10 18:05:06.109] [9451] [HailoRT] [error] [hef.cpp:921] [Impl] Failed parsing HEF file
[2025-01-10 18:05:06.109] [9451] [HailoRT] [error] [hef.cpp:307] [create] Failed creating HEF
[2025-01-10 18:05:06.109] [9451] [HailoRT] [error] [hef.cpp:163] [create] CHECK_SUCCESS failed with status=HAILO_OPEN_FILE_FAILURE(13)
[2025-01-10 18:06:10.444] [9772] [HailoRT] [error] [device.cpp:117] [create] Invalid device id run
[2025-01-10 18:06:10.458] [9772] [HailoRT] [info] [device.cpp:51] [Device] OS Version: Linux 6.6.62+rpt-rpi-2712 #1 SMP PREEMPT Debian 1:6.6.62-1+rpt1 (2024-11-25) aarch64
[2025-01-10 18:06:10.464] [9772] [HailoRT] [info] [control.cpp:109] [control__parse_identify_results] firmware_version is: 4.19.0
[2025-01-10 18:06:10.464] [9772] [HailoRT] [info] [vdevice.cpp:655] [create] VDevice Infos: 0000:01:00.0
[2025-01-10 18:06:10.466] [9772] [HailoRT] [error] [file_utils.cpp:40] [read_binary_file] CHECK failed - Error opening file run
[2025-01-10 18:06:10.466] [9772] [HailoRT] [error] [hef.cpp:484] [parse_hef_file] CHECK_SUCCESS failed with status=HAILO_OPEN_FILE_FAILURE(13)
[2025-01-10 18:06:10.467] [9772] [HailoRT] [error] [hef.cpp:921] [Impl] Failed parsing HEF file
[2025-01-10 18:06:10.467] [9772] [HailoRT] [error] [hef.cpp:307] [create] Failed creating HEF
[2025-01-10 18:06:10.467] [9772] [HailoRT] [error] [hef.cpp:163] [create] CHECK_SUCCESS failed with status=HAILO_OPEN_FILE_FAILURE(13)
[2025-01-10 18:06:12.749] [9798] [HailoRT] [error] [device.cpp:117] [create] Invalid device id run
[2025-01-10 18:06:12.760] [9798] [HailoRT] [info] [device.cpp:51] [Device] OS Version: Linux 6.6.62+rpt-rpi-2712 #1 SMP PREEMPT Debian 1:6.6.62-1+rpt1 (2024-11-25) aarch64
[2025-01-10 18:06:12.768] [9798] [HailoRT] [info] [control.cpp:109] [control__parse_identify_results] firmware_version is: 4.19.0
[2025-01-10 18:06:12.768] [9798] [HailoRT] [info] [vdevice.cpp:655] [create] VDevice Infos: 0000:01:00.0
[2025-01-10 18:06:12.768] [9798] [HailoRT] [error] [file_utils.cpp:40] [read_binary_file] CHECK failed - Error opening file run
[2025-01-10 18:06:12.769] [9798] [HailoRT] [error] [hef.cpp:484] [parse_hef_file] CHECK_SUCCESS failed with status=HAILO_OPEN_FILE_FAILURE(13)
[2025-01-10 18:06:12.770] [9798] [HailoRT] [error] [hef.cpp:921] [Impl] Failed parsing HEF file
[2025-01-10 18:06:12.770] [9798] [HailoRT] [error] [hef.cpp:307] [create] Failed creating HEF
[2025-01-10 18:06:12.770] [9798] [HailoRT] [error] [hef.cpp:163] [create] CHECK_SUCCESS failed with status=HAILO_OPEN_FILE_FAILURE(13)
[2025-01-10 18:11:24.135] [10083] [HailoRT] [info] [device.cpp:51] [Device] OS Version: Linux 6.6.62+rpt-rpi-2712 #1 SMP PREEMPT Debian 1:6.6.62-1+rpt1 (2024-11-25) aarch64
[2025-01-10 18:11:24.138] [10083] [HailoRT] [info] [control.cpp:109] [control__parse_identify_results] firmware_version is: 4.19.0
[2025-01-10 18:11:24.138] [10083] [HailoRT] [info] [vdevice.cpp:655] [create] VDevice Infos: 0000:01:00.0
[2025-01-10 18:11:24.138] [10083] [HailoRT] [error] [file_utils.cpp:40] [read_binary_file] CHECK failed - Error opening file hefs/shortcut_net.hef
[2025-01-10 18:11:24.138] [10083] [HailoRT] [error] [hef.cpp:484] [parse_hef_file] CHECK_SUCCESS failed with status=HAILO_OPEN_FILE_FAILURE(13)
[2025-01-10 18:11:24.138] [10083] [HailoRT] [error] [hef.cpp:921] [Impl] Failed parsing HEF file
[2025-01-10 18:11:24.138] [10083] [HailoRT] [error] [hef.cpp:307] [create] Failed creating HEF
[2025-01-10 18:11:24.138] [10083] [HailoRT] [error] [hef.cpp:163] [create] CHECK_SUCCESS failed with status=HAILO_OPEN_FILE_FAILURE(13)
[2025-01-10 18:12:49.822] [10298] [HailoRT] [info] [device.cpp:51] [Device] OS Version: Linux 6.6.62+rpt-rpi-2712 #1 SMP PREEMPT Debian 1:6.6.62-1+rpt1 (2024-11-25) aarch64
[2025-01-10 18:12:49.824] [10298] [HailoRT] [info] [control.cpp:109] [control__parse_identify_results] firmware_version is: 4.19.0
[2025-01-10 18:12:49.824] [10298] [HailoRT] [info] [vdevice.cpp:655] [create] VDevice Infos: 0000:01:00.0
[2025-01-10 18:12:49.912] [10298] [HailoRT] [info] [device.cpp:51] [Device] OS Version: Linux 6.6.62+rpt-rpi-2712 #1 SMP PREEMPT Debian 1:6.6.62-1+rpt1 (2024-11-25) aarch64
[2025-01-10 18:12:49.916] [10298] [HailoRT] [info] [control.cpp:109] [control__parse_identify_results] firmware_version is: 4.19.0
[2025-01-10 18:12:49.948] [10298] [HailoRT] [error] [vdevice.cpp:835] [create_devices] CHECK failed - Failed to create vdevice. there are not enough free devices. requested: 1, found: 0
[2025-01-10 18:12:49.949] [10298] [HailoRT] [error] [vdevice.cpp:635] [create] CHECK_SUCCESS failed with status=HAILO_OUT_OF_PHYSICAL_DEVICES(74)
[2025-01-10 18:12:49.949] [10298] [HailoRT] [error] [shared_resource_manager.hpp:81] [register_resource] CHECK_SUCCESS failed with status=HAILO_OUT_OF_PHYSICAL_DEVICES(74)
[2025-01-10 18:12:49.949] [10298] [HailoRT] [error] [vdevice.cpp:138] [create] CHECK_SUCCESS failed with status=HAILO_OUT_OF_PHYSICAL_DEVICES(74)
[2025-01-10 18:12:49.949] [10298] [HailoRT] [error] [vdevice.cpp:558] [create] CHECK_SUCCESS failed with status=HAILO_OUT_OF_PHYSICAL_DEVICES(74)
[2025-01-10 18:14:23.756] [10448] [HailoRT] [info] [device.cpp:51] [Device] OS Version: Linux 6.6.62+rpt-rpi-2712 #1 SMP PREEMPT Debian 1:6.6.62-1+rpt1 (2024-11-25) aarch64
[2025-01-10 18:14:23.758] [10448] [HailoRT] [info] [control.cpp:109] [control__parse_identify_results] firmware_version is: 4.19.0
[2025-01-10 18:14:23.758] [10448] [HailoRT] [info] [vdevice.cpp:655] [create] VDevice Infos: 0000:01:00.0
[2025-01-10 18:14:23.786] [10448] [HailoRT] [info] [device.cpp:51] [Device] OS Version: Linux 6.6.62+rpt-rpi-2712 #1 SMP PREEMPT Debian 1:6.6.62-1+rpt1 (2024-11-25) aarch64
[2025-01-10 18:14:23.789] [10448] [HailoRT] [info] [control.cpp:109] [control__parse_identify_results] firmware_version is: 4.19.0
[2025-01-10 18:14:23.812] [10448] [HailoRT] [error] [vdevice.cpp:835] [create_devices] CHECK failed - Failed to create vdevice. there are not enough free devices. requested: 1, found: 0
[2025-01-10 18:14:23.812] [10448] [HailoRT] [error] [vdevice.cpp:635] [create] CHECK_SUCCESS failed with status=HAILO_OUT_OF_PHYSICAL_DEVICES(74)
[2025-01-10 18:14:23.812] [10448] [HailoRT] [error] [shared_resource_manager.hpp:81] [register_resource] CHECK_SUCCESS failed with status=HAILO_OUT_OF_PHYSICAL_DEVICES(74)
[2025-01-10 18:14:23.812] [10448] [HailoRT] [error] [vdevice.cpp:138] [create] CHECK_SUCCESS failed with status=HAILO_OUT_OF_PHYSICAL_DEVICES(74)
[2025-01-10 18:14:23.812] [10448] [HailoRT] [error] [vdevice.cpp:558] [create] CHECK_SUCCESS failed with status=HAILO_OUT_OF_PHYSICAL_DEVICES(74)
